#
# There is insufficient memory for the Java Runtime Environment to continue.
# Native memory allocation (mmap) failed to map 132120576 bytes for Failed to commit area from 0x0000000082a00000 to 0x000000008a800000 of length 132120576.
# Possible reasons:
#   The system is out of physical RAM or swap space
#   The process is running with CompressedOops enabled, and the Java Heap may be blocking the growth of the native heap
# Possible solutions:
#   Reduce memory load on the system
#   Increase physical memory or swap space
#   Check if swap backing store is full
#   Decrease Java heap size (-Xmx/-Xms)
#   Decrease number of Java threads
#   Decrease Java thread stack sizes (-Xss)
#   Set larger code cache with -XX:ReservedCodeCacheSize=
# This output file may be truncated or incomplete.
#
#  Out of Memory Error (t:/workspace/open/src/hotspot/os/windows/os_windows.cpp:3301), pid=11212, tid=2672
#
# JRE version:  (13.0.2+8) (build )
# Java VM: Java HotSpot(TM) 64-Bit Server VM (13.0.2+8, mixed mode, aot, sharing, tiered, compressed oops, g1 gc, windows-amd64)
# No core dump will be written. Minidumps are not enabled by default on client versions of Windows
#

---------------  S U M M A R Y ------------

Command Line: -XX:TieredStopAtLevel=1 -Xverify:none -Dspring.output.ansi.enabled=always -Dcom.sun.management.jmxremote -Dspring.jmx.enabled=true -Dspring.liveBeansView.mbeanDomain -Dspring.application.admin.enabled=true -javaagent:C:\Program Files\JetBrains\IntelliJ IDEA 2020.1\lib\idea_rt.jar=51509:C:\Program Files\JetBrains\IntelliJ IDEA 2020.1\bin -Dfile.encoding=UTF-8 com.example.springsecurity.SpringSecurityApplication

Host: Intel(R) Core(TM) i5-6300U CPU @ 2.40GHz, 4 cores, 7G,  Windows 10 , 64 bit Build 18362 (10.0.18362.1350)
Time: Wed Apr  7 16:34:30 2021 Eaaeacneia a?aiy (ceia) elapsed time: 0 seconds (0d 0h 0m 0s)

---------------  T H R E A D  ---------------

Current thread (0x0000019a1568e800):  JavaThread "Unknown thread" [_thread_in_vm, id=2672, stack(0x000000424c900000,0x000000424ca00000)]

Stack: [0x000000424c900000,0x000000424ca00000]
Native frames: (J=compiled Java code, j=interpreted, Vv=VM code, C=native code)
V  [jvm.dll+0x624f9a]
V  [jvm.dll+0x770cfa]
V  [jvm.dll+0x7724af]
V  [jvm.dll+0x772ab3]
V  [jvm.dll+0x24bf08]
V  [jvm.dll+0x6222aa]
V  [jvm.dll+0x6170b5]
V  [jvm.dll+0x30a88c]
V  [jvm.dll+0x30a6c2]
V  [jvm.dll+0x30fe36]
V  [jvm.dll+0x353f46]
V  [jvm.dll+0x353720]
V  [jvm.dll+0x2e550a]
V  [jvm.dll+0x2e67a2]
V  [jvm.dll+0x74dd78]
V  [jvm.dll+0x361989]
V  [jvm.dll+0x730e65]
V  [jvm.dll+0x3cc53f]
V  [jvm.dll+0x3ce861]
C  [jli.dll+0x51ff]
C  [ucrtbase.dll+0x210b2]
C  [KERNEL32.DLL+0x17c24]
C  [ntdll.dll+0x6d721]


---------------  P R O C E S S  ---------------

Threads class SMR info:
_java_thread_list=0x00007ffa3a97ccb8, length=0, elements={
}

Java Threads: ( => current thread )

Other Threads:
  0x0000019a156d1000 GCTaskThread "GC Thread#0" [stack: 0x000000424ca00000,0x000000424cb00000] [id=5276]
  0x0000019a156e2000 ConcurrentGCThread "G1 Main Marker" [stack: 0x000000424cb00000,0x000000424cc00000] [id=1200]
  0x0000019a156e3800 ConcurrentGCThread "G1 Conc#0" [stack: 0x000000424cc00000,0x000000424cd00000] [id=11156]

[error occurred during error reporting (printing all threads), id 0xc0000005, EXCEPTION_ACCESS_VIOLATION (0xc0000005) at pc=0x00007ffa3a1b51d7]

VM state:not at safepoint (not fully initialized)

VM Mutex/Monitor currently owned by a thread:  ([mutex/lock_event])
[0x0000019a1568c250] Heap_lock - owner thread: 0x0000019a1568e800

Heap address: 0x0000000082a00000, size: 2006 MB, Compressed Oops mode: Non-zero based: 0x0000000082a00000
Narrow klass base: 0x0000000000000000, Narrow klass shift: 0

GC Heap History (0 events):
No events

Deoptimization events (0 events):
No events

Classes unloaded (0 events):
No events

Classes redefined (0 events):
No events

Internal exceptions (0 events):
No events

Events (8 events):
Event: 0.045 Loaded shared library C:\Program Files\Java\jdk-13.0.2\bin\zip.dll
Event: 0.046 Loaded shared library C:\Program Files\Java\jdk-13.0.2\bin\jimage.dll
Event: 0.048 Loading shared library C:\Program Files\Java\jdk-13.0.2\lib\libjava.base-coop.dll failed, error code 126
Event: 0.048 Loading shared library C:\Program Files\Java\jdk-13.0.2\lib\libjava.logging-coop.dll failed, error code 126
Event: 0.048 Loading shared library C:\Program Files\Java\jdk-13.0.2\lib\libjdk.compiler-coop.dll failed, error code 126
Event: 0.048 Loading shared library C:\Program Files\Java\jdk-13.0.2\lib\libjdk.scripting.nashorn-coop.dll failed, error code 126
Event: 0.049 Loading shared library C:\Program Files\Java\jdk-13.0.2\lib\libjdk.internal.vm.ci-coop.dll failed, error code 126
Event: 0.049 Loading shared library C:\Program Files\Java\jdk-13.0.2\lib\libjdk.internal.vm.compiler-coop.dll failed, error code 126


Dynamic libraries:
0x00007ff6572f0000 - 0x00007ff6572ff000 	C:\Program Files\Java\jdk-13.0.2\bin\java.exe
0x00007ffa726a0000 - 0x00007ffa72890000 	C:\WINDOWS\SYSTEM32\ntdll.dll
0x00007ffa426a0000 - 0x00007ffa426b3000 	C:\Program Files\AVAST Software\Avast\aswhook.dll
0x00007ffa71c90000 - 0x00007ffa71d42000 	C:\WINDOWS\System32\KERNEL32.DLL
0x00007ffa70200000 - 0x00007ffa704a5000 	C:\WINDOWS\System32\KERNELBASE.dll
0x00007ffa6f720000 - 0x00007ffa6f81a000 	C:\WINDOWS\System32\ucrtbase.dll
0x00007ffa6bb10000 - 0x00007ffa6bb28000 	C:\Program Files\Java\jdk-13.0.2\bin\jli.dll
0x00007ffa70930000 - 0x00007ffa709d3000 	C:\WINDOWS\System32\ADVAPI32.dll
0x00007ffa71d50000 - 0x00007ffa71dee000 	C:\WINDOWS\System32\msvcrt.dll
0x00007ffa70750000 - 0x00007ffa707e7000 	C:\WINDOWS\System32\sechost.dll
0x00007ffa70c10000 - 0x00007ffa70d2f000 	C:\WINDOWS\System32\RPCRT4.dll
0x00007ffa71f40000 - 0x00007ffa720d4000 	C:\WINDOWS\System32\USER32.dll
0x00007ffa701b0000 - 0x00007ffa701d1000 	C:\WINDOWS\System32\win32u.dll
0x00007ffa72630000 - 0x00007ffa72656000 	C:\WINDOWS\System32\GDI32.dll
0x00007ffa704b0000 - 0x00007ffa70648000 	C:\WINDOWS\System32\gdi32full.dll
0x00007ffa706b0000 - 0x00007ffa7074e000 	C:\WINDOWS\System32\msvcp_win.dll
0x00007ffa6bad0000 - 0x00007ffa6bae5000 	C:\Program Files\Java\jdk-13.0.2\bin\VCRUNTIME140.dll
0x00007ffa5df00000 - 0x00007ffa5e184000 	C:\WINDOWS\WinSxS\amd64_microsoft.windows.common-controls_6595b64144ccf1df_6.0.18362.1440_none_9e7dbfb9e45e8e67\COMCTL32.dll
0x00007ffa70d30000 - 0x00007ffa71066000 	C:\WINDOWS\System32\combase.dll
0x00007ffa6f640000 - 0x00007ffa6f6c1000 	C:\WINDOWS\System32\bcryptPrimitives.dll
0x00007ffa6de80000 - 0x00007ffa6de8a000 	C:\WINDOWS\SYSTEM32\VERSION.dll
0x00007ffa71070000 - 0x00007ffa7109e000 	C:\WINDOWS\System32\IMM32.DLL
0x00007ffa67270000 - 0x00007ffa6730b000 	C:\Program Files\Java\jdk-13.0.2\bin\msvcp140.dll
0x00007ffa39ec0000 - 0x00007ffa3aa1d000 	C:\Program Files\Java\jdk-13.0.2\bin\server\jvm.dll
0x00007ffa71e80000 - 0x00007ffa71e88000 	C:\WINDOWS\System32\PSAPI.DLL
0x00007ffa5c390000 - 0x00007ffa5c399000 	C:\WINDOWS\SYSTEM32\WSOCK32.dll
0x00007ffa71df0000 - 0x00007ffa71e5f000 	C:\WINDOWS\System32\WS2_32.dll
0x00007ffa6d250000 - 0x00007ffa6d274000 	C:\WINDOWS\SYSTEM32\WINMM.dll
0x00007ffa6d220000 - 0x00007ffa6d24d000 	C:\WINDOWS\SYSTEM32\WINMMBASE.dll
0x00007ffa6f6d0000 - 0x00007ffa6f71a000 	C:\WINDOWS\System32\cfgmgr32.dll
0x00007ffa6f5f0000 - 0x00007ffa6f601000 	C:\WINDOWS\System32\kernel.appcore.dll
0x00007ffa6bb00000 - 0x00007ffa6bb10000 	C:\Program Files\Java\jdk-13.0.2\bin\verify.dll
0x00007ffa66b60000 - 0x00007ffa66d54000 	C:\WINDOWS\SYSTEM32\DBGHELP.DLL
0x00007ffa669d0000 - 0x00007ffa669fa000 	C:\WINDOWS\SYSTEM32\dbgcore.DLL
0x00007ffa6baa0000 - 0x00007ffa6bac6000 	C:\Program Files\Java\jdk-13.0.2\bin\java.dll
0x00007ffa6ba50000 - 0x00007ffa6ba5e000 	C:\Program Files\Java\jdk-13.0.2\bin\instrument.dll
0x00007ffa6ba80000 - 0x00007ffa6ba97000 	C:\Program Files\Java\jdk-13.0.2\bin\zip.dll
0x00007ffa6ba70000 - 0x00007ffa6ba7a000 	C:\Program Files\Java\jdk-13.0.2\bin\jimage.dll

dbghelp: loaded successfully - version: 4.0.5 - missing functions: none
symbol engine: initialized successfully - sym options: 0x614 - pdb path: .;C:\Program Files\Java\jdk-13.0.2\bin;C:\WINDOWS\SYSTEM32;C:\Program Files\AVAST Software\Avast;C:\WINDOWS\WinSxS\amd64_microsoft.windows.common-controls_6595b64144ccf1df_6.0.18362.1440_none_9e7dbfb9e45e8e67;C:\Program Files\Java\jdk-13.0.2\bin\server

VM Arguments:
jvm_args: -XX:TieredStopAtLevel=1 -Xverify:none -Dspring.output.ansi.enabled=always -Dcom.sun.management.jmxremote -Dspring.jmx.enabled=true -Dspring.liveBeansView.mbeanDomain -Dspring.application.admin.enabled=true -javaagent:C:\Program Files\JetBrains\IntelliJ IDEA 2020.1\lib\idea_rt.jar=51509:C:\Program Files\JetBrains\IntelliJ IDEA 2020.1\bin -Dfile.encoding=UTF-8 
java_command: com.example.springsecurity.SpringSecurityApplication
java_class_path (initial): C:\Users\Dell e5470\IdeaProjects\springSecurity\target\classes;C:\Users\Dell e5470\.m2\repository\org\springframework\boot\spring-boot-starter-data-jpa\2.4.4\spring-boot-starter-data-jpa-2.4.4.jar;C:\Users\Dell e5470\.m2\repository\org\springframework\boot\spring-boot-starter-aop\2.4.4\spring-boot-starter-aop-2.4.4.jar;C:\Users\Dell e5470\.m2\repository\org\aspectj\aspectjweaver\1.9.6\aspectjweaver-1.9.6.jar;C:\Users\Dell e5470\.m2\repository\org\springframework\boot\spring-boot-starter-jdbc\2.4.4\spring-boot-starter-jdbc-2.4.4.jar;C:\Users\Dell e5470\.m2\repository\com\zaxxer\HikariCP\3.4.5\HikariCP-3.4.5.jar;C:\Users\Dell e5470\.m2\repository\org\springframework\spring-jdbc\5.3.5\spring-jdbc-5.3.5.jar;C:\Users\Dell e5470\.m2\repository\jakarta\transaction\jakarta.transaction-api\1.3.3\jakarta.transaction-api-1.3.3.jar;C:\Users\Dell e5470\.m2\repository\jakarta\persistence\jakarta.persistence-api\2.2.3\jakarta.persistence-api-2.2.3.jar;C:\Users\Dell e5470\.m2\repository\org\hibernate\hibernate-core\5.4.29.Final\hibernate-core-5.4.29.Final.jar;C:\Users\Dell e5470\.m2\repository\org\jboss\logging\jboss-logging\3.4.1.Final\jboss-logging-3.4.1.Final.jar;C:\Users\Dell e5470\.m2\repository\org\javassist\javassist\3.27.0-GA\javassist-3.27.0-GA.jar;C:\Users\Dell e5470\.m2\repository\net\bytebuddy\byte-buddy\1.10.22\byte-buddy-1.10.22.jar;C:\Users\Dell e5470\.m2\repository\antlr\antlr\2.7.7\antlr-2.7.7.jar;C:\Users\Dell e5470\.m2\repository\org\jboss\jandex\2.2.3.Final\jandex-2.2.3.Final.jar;C:\Users\Dell e5470\.m2\repository\com\fasterxml\classmate\1.5.1\classmate-1.5.1.jar;C:\Users\Dell e5470\.m2\repository\org\dom4j\dom4j\2.1.3\dom4j-2.1.3.jar;C:\Users\Dell e5470\.m2\repository\org\hibernate\common\hibernate-commons-annotations\5.1.2.Final\hibernate-commons-annotations-5.1.2.Final.jar;C:\Users\Dell e5470\.m2\repository\org\glassfish\jaxb\jaxb-runtime\2.3.3\jaxb-runtime-2.3.3.jar;C:\Users\Dell e5470\.m2\repository\org\glassfish\jaxb\txw2\2.3.3
Launcher Type: SUN_STANDARD

[Global flags]
     intx CICompilerCount                          = 3                                         {product} {ergonomic}
     uint ConcGCThreads                            = 1                                         {product} {ergonomic}
     uint G1ConcRefinementThreads                  = 4                                         {product} {ergonomic}
   size_t G1HeapRegionSize                         = 1048576                                   {product} {ergonomic}
    uintx GCDrainStackTargetSize                   = 64                                        {product} {ergonomic}
   size_t InitialHeapSize                          = 132120576                                 {product} {ergonomic}
     bool ManagementServer                         = true                                      {product} {command line}
   size_t MarkStackSize                            = 4194304                                   {product} {ergonomic}
   size_t MaxHeapSize                              = 2103443456                                {product} {ergonomic}
   size_t MinHeapDeltaBytes                        = 1048576                                   {product} {ergonomic}
   size_t MinHeapSize                              = 8388608                                   {product} {ergonomic}
    uintx NonNMethodCodeHeapSize                   = 6973028                                {pd product} {ergonomic}
    uintx NonProfiledCodeHeapSize                  = 244685212                              {pd product} {ergonomic}
    uintx ProfiledCodeHeapSize                     = 0                                      {pd product} {ergonomic}
    uintx ReservedCodeCacheSize                    = 251658240                              {pd product} {ergonomic}
     bool SegmentedCodeCache                       = true                                      {product} {ergonomic}
   size_t SoftMaxHeapSize                          = 2103443456                             {manageable} {ergonomic}
     intx TieredStopAtLevel                        = 1                                         {product} {command line}
     bool UseCompressedClassPointers               = true                                 {lp64_product} {ergonomic}
     bool UseCompressedOops                        = true                                 {lp64_product} {ergonomic}
     bool UseG1GC                                  = true                                      {product} {ergonomic}
     bool UseLargePagesIndividualAllocation        = false                                  {pd product} {ergonomic}

Logging:
Log output configuration:
 #0: stdout all=warning uptime,level,tags
 #1: stderr all=off uptime,level,tags

Environment Variables:
PATH=C:\WINDOWS\system32;C:\WINDOWS;C:\WINDOWS\System32\Wbem;C:\WINDOWS\System32\WindowsPowerShell\v1.0\;C:\Program Files\Intel\WiFi\bin\;C:\Program Files\Common Files\Intel\WirelessCommon\;C:\WINDOWS\System32\OpenSSH\;C:\Program Files\Git\cmd;C:\Program Files\nodejs\;C:\Program Files\Intel\WiFi\bin\;C:\Program Files\Common Files\Intel\WirelessCommon\;C:\Users\Dell e5470\AppData\Local\Microsoft\WindowsApps;C:\Users\Dell e5470\AppData\Roaming\npm
USERNAME=Dell e5470
OS=Windows_NT
PROCESSOR_IDENTIFIER=Intel64 Family 6 Model 78 Stepping 3, GenuineIntel



---------------  S Y S T E M  ---------------

OS: Windows 10 , 64 bit Build 18362 (10.0.18362.1350)

CPU:total 4 (initial active 4) (2 cores per cpu, 2 threads per core) family 6 model 78 stepping 3, cmov, cx8, fxsr, mmx, sse, sse2, sse3, ssse3, sse4.1, sse4.2, popcnt, avx, avx2, aes, clmul, erms, rtm, 3dnowpref, lzcnt, ht, tsc, tscinvbit, bmi1, bmi2, adx, fma

Memory: 4k page, system-wide physical 8017M (929M free)
TotalPageFile size 8017M (AvailPageFile size 121M)
current process WorkingSet (physical memory assigned to process): 10M, peak: 10M
current process commit charge ("private bytes"): 49M, peak: 175M

vm_info: Java HotSpot(TM) 64-Bit Server VM (13.0.2+8) for windows-amd64 JRE (13.0.2+8), built on Dec 11 2019 09:20:33 by "mach5one" with unknown MS VC++:1916

END.
